Sun Apr 02 2017 15:14:04 GMT+0530 (India Standard Time): GET : /about
Sun Apr 02 2017 15:14:09 GMT+0530 (India Standard Time): GET : /
Sun Apr 02 2017 15:17:05 GMT+0530 (India Standard Time): GET : /
Sun Apr 02 2017 15:17:34 GMT+0530 (India Standard Time): GET : /
Sun Apr 02 2017 15:18:02 GMT+0530 (India Standard Time): GET : /about
Sun Apr 02 2017 15:18:05 GMT+0530 (India Standard Time): GET : /
Sun Apr 02 2017 15:18:39 GMT+0530 (India Standard Time): GET : /
Sun Apr 02 2017 15:19:39 GMT+0530 (India Standard Time): GET : /
Fri May 05 2017 14:46:04 GMT+0530 (India Standard Time): GET : /
Fri May 05 2017 14:46:05 GMT+0530 (India Standard Time): GET : /favicon.ico
Fri May 05 2017 14:47:31 GMT+0530 (India Standard Time): GET : /
Fri May 05 2017 14:47:31 GMT+0530 (India Standard Time): GET : /favicon.ico
Fri May 05 2017 14:47:43 GMT+0530 (India Standard Time): GET : /
Fri May 05 2017 14:47:46 GMT+0530 (India Standard Time): GET : /
Fri May 05 2017 14:48:10 GMT+0530 (India Standard Time): GET : /
Fri May 05 2017 14:48:31 GMT+0530 (India Standard Time): GET : /
Fri May 05 2017 14:48:33 GMT+0530 (India Standard Time): GET : /
Fri May 05 2017 14:48:34 GMT+0530 (India Standard Time): GET : /about
Fri May 05 2017 14:48:35 GMT+0530 (India Standard Time): GET : /
Fri May 05 2017 14:48:35 GMT+0530 (India Standard Time): GET : /about
Fri May 05 2017 14:48:36 GMT+0530 (India Standard Time): GET : /
Fri May 05 2017 14:48:37 GMT+0530 (India Standard Time): GET : /about
Fri May 05 2017 14:48:37 GMT+0530 (India Standard Time): GET : /
Fri May 05 2017 14:48:41 GMT+0530 (India Standard Time): GET : /about
Fri May 05 2017 14:48:42 GMT+0530 (India Standard Time): GET : /
